<?xml version="1.0" encoding="UTF-8"?>
<testsuite xmlns:xsi="http://www.w3.org/2001/XMLSchema-instance" xsi:noNamespaceSchemaLocation="https://maven.apache.org/surefire/maven-surefire-plugin/xsd/surefire-test-report-3.0.xsd" version="3.0" name="org.dgashuk.web_game.AuthorizationServletTest" time="0.264" tests="1" errors="0" skipped="0" failures="0">
  <properties>
[...]
</properties>
  <testcase name="test_doPost_Return_ErrorMessage_When_NameOfUser_isBlank" classname="org.dgashuk.web_game.AuthorizationServletTest" time="0.255"/>
</testsuite>